This file contains any messages produced by compilers while
running configure, to aid debugging if configure makes a mistake.

It was created by alsa-firmware configure 1.2.4, which was
generated by GNU Autoconf 2.69.  Invocation command line was

  $ ./configure 

## --------- ##
## Platform. ##
## --------- ##

hostname = fractal
uname -m = x86_64
uname -r = 6.1.0-9-amd64
uname -s = Linux
uname -v = #1 SMP PREEMPT_DYNAMIC Debian 6.1.27-1 (2023-05-08)

/usr/bin/uname -p = unknown
/bin/uname -X     = unknown

/bin/arch              = x86_64
/usr/bin/arch -k       = unknown
/usr/convex/getsysinfo = unknown
/usr/bin/hostinfo      = unknown
/bin/machine           = unknown
/usr/bin/oslevel       = unknown
/bin/universe          = unknown

PATH: /usr/local/bin
PATH: /usr/bin
PATH: /bin
PATH: /usr/local/games
PATH: /usr/games


## ----------- ##
## Core tests. ##
## ----------- ##

configure:1954: checking for gcc
configure:1970: found /usr/bin/gcc
configure:1981: result: gcc
configure:2210: checking for C compiler version
configure:2219: gcc --version >&5
gcc (Debian 12.2.0-14) 12.2.0
Copyright (C) 2022 Free Software Foundation, Inc.
This is free software; see the source for copying conditions.  There is NO
warranty; not even for MERCHANTABILITY or FITNESS FOR A PARTICULAR PURPOSE.

configure:2230: $? = 0
configure:2219: gcc -v >&5
Using built-in specs.
COLLECT_GCC=gcc
COLLECT_LTO_WRAPPER=/usr/lib/gcc/x86_64-linux-gnu/12/lto-wrapper
OFFLOAD_TARGET_NAMES=nvptx-none:amdgcn-amdhsa
OFFLOAD_TARGET_DEFAULT=1
Target: x86_64-linux-gnu
Configured with: ../src/configure -v --with-pkgversion='Debian 12.2.0-14' --with-bugurl=file:///usr/share/doc/gcc-12/README.Bugs --enable-languages=c,ada,c++,go,d,fortran,objc,obj-c++,m2 --prefix=/usr --with-gcc-major-version-only --program-suffix=-12 --program-prefix=x86_64-linux-gnu- --enable-shared --enable-linker-build-id --libexecdir=/usr/lib --without-included-gettext --enable-threads=posix --libdir=/usr/lib --enable-nls --enable-clocale=gnu --enable-libstdcxx-debug --enable-libstdcxx-time=yes --with-default-libstdcxx-abi=new --enable-gnu-unique-object --disable-vtable-verify --enable-plugin --enable-default-pie --with-system-zlib --enable-libphobos-checking=release --with-target-system-zlib=auto --enable-objc-gc=auto --enable-multiarch --disable-werror --enable-cet --with-arch-32=i686 --with-abi=m64 --with-multilib-list=m32,m64,mx32 --enable-multilib --with-tune=generic --enable-offload-targets=nvptx-none=/build/gcc-12-bTRWOB/gcc-12-12.2.0/debian/tmp-nvptx/usr,amdgcn-amdhsa=/build/gcc-12-bTRWOB/gcc-12-12.2.0/debian/tmp-gcn/usr --enable-offload-defaulted --without-cuda-driver --enable-checking=release --build=x86_64-linux-gnu --host=x86_64-linux-gnu --target=x86_64-linux-gnu
Thread model: posix
Supported LTO compression algorithms: zlib zstd
gcc version 12.2.0 (Debian 12.2.0-14) 
... rest of stderr output deleted ...
configure:2230: $? = 0
configure:2219: gcc -V >&5
gcc: error: unrecognized command-line option '-V'
gcc: fatal error: no input files
compilation terminated.
configure:2230: $? = 1
configure:2219: gcc -qversion >&5
gcc: error: unrecognized command-line option '-qversion'; did you mean '--version'?
gcc: fatal error: no input files
compilation terminated.
configure:2230: $? = 1
configure:2250: checking whether the C compiler works
configure:2272: gcc    conftest.c  >&5
configure:2276: $? = 0
configure:2324: result: yes
configure:2327: checking for C compiler default output file name
configure:2329: result: a.out
configure:2335: checking for suffix of executables
configure:2342: gcc -o conftest    conftest.c  >&5
configure:2346: $? = 0
configure:2368: result: 
configure:2390: checking whether we are cross compiling
configure:2398: gcc -o conftest    conftest.c  >&5
configure:2402: $? = 0
configure:2409: ./conftest
configure:2413: $? = 0
configure:2428: result: no
configure:2433: checking for suffix of object files
configure:2455: gcc -c   conftest.c >&5
configure:2459: $? = 0
configure:2480: result: o
configure:2484: checking whether we are using the GNU C compiler
configure:2500: gcc -c   conftest.c >&5
configure:2500: $? = 0
configure:2507: result: yes
configure:2517: checking whether gcc accepts -g
configure:2537: gcc -c -g  conftest.c >&5
configure:2537: $? = 0
configure:2578: result: yes
configure:2595: checking for gcc option to accept ISO C89
configure:2658: gcc  -c -g -O2  conftest.c >&5
configure:2658: $? = 0
configure:2671: result: none needed
configure:2728: checking whether gcc understands -c and -o together
configure:2750: gcc -c conftest.c -o conftest2.o
configure:2753: $? = 0
configure:2750: gcc -c conftest.c -o conftest2.o
configure:2753: $? = 0
configure:2765: result: yes
configure:2787: checking how to run the C preprocessor
configure:2818: gcc -E  conftest.c
configure:2818: $? = 0
configure:2832: gcc -E  conftest.c
conftest.c:9:10: fatal error: ac_nonexistent.h: No such file or directory
    9 | #include <ac_nonexistent.h>
      |          ^~~~~~~~~~~~~~~~~~
compilation terminated.
configure:2832: $? = 1
configure: failed program was:
| /* confdefs.h */
| #define PACKAGE_NAME "alsa-firmware"
| #define PACKAGE_TARNAME "alsa-firmware"
| #define PACKAGE_VERSION "1.2.4"
| #define PACKAGE_STRING "alsa-firmware 1.2.4"
| #define PACKAGE_BUGREPORT ""
| #define PACKAGE_URL ""
| /* end confdefs.h.  */
| #include <ac_nonexistent.h>
configure:2857: result: gcc -E
configure:2877: gcc -E  conftest.c
configure:2877: $? = 0
configure:2891: gcc -E  conftest.c
conftest.c:9:10: fatal error: ac_nonexistent.h: No such file or directory
    9 | #include <ac_nonexistent.h>
      |          ^~~~~~~~~~~~~~~~~~
compilation terminated.
configure:2891: $? = 1
configure: failed program was:
| /* confdefs.h */
| #define PACKAGE_NAME "alsa-firmware"
| #define PACKAGE_TARNAME "alsa-firmware"
| #define PACKAGE_VERSION "1.2.4"
| #define PACKAGE_STRING "alsa-firmware 1.2.4"
| #define PACKAGE_BUGREPORT ""
| #define PACKAGE_URL ""
| /* end confdefs.h.  */
| #include <ac_nonexistent.h>
configure:2923: checking build system type
configure:2937: result: x86_64-pc-linux-gnu
configure:2982: checking for x86_64-pc-linux-gnu-gcc
configure:3012: result: no
configure:3022: checking for gcc
configure:3038: found /usr/bin/gcc
configure:3049: result: gcc
configure:3278: checking for C compiler version
configure:3287: gcc --version >&5
gcc (Debian 12.2.0-14) 12.2.0
Copyright (C) 2022 Free Software Foundation, Inc.
This is free software; see the source for copying conditions.  There is NO
warranty; not even for MERCHANTABILITY or FITNESS FOR A PARTICULAR PURPOSE.

configure:3298: $? = 0
configure:3287: gcc -v >&5
Using built-in specs.
COLLECT_GCC=gcc
COLLECT_LTO_WRAPPER=/usr/lib/gcc/x86_64-linux-gnu/12/lto-wrapper
OFFLOAD_TARGET_NAMES=nvptx-none:amdgcn-amdhsa
OFFLOAD_TARGET_DEFAULT=1
Target: x86_64-linux-gnu
Configured with: ../src/configure -v --with-pkgversion='Debian 12.2.0-14' --with-bugurl=file:///usr/share/doc/gcc-12/README.Bugs --enable-languages=c,ada,c++,go,d,fortran,objc,obj-c++,m2 --prefix=/usr --with-gcc-major-version-only --program-suffix=-12 --program-prefix=x86_64-linux-gnu- --enable-shared --enable-linker-build-id --libexecdir=/usr/lib --without-included-gettext --enable-threads=posix --libdir=/usr/lib --enable-nls --enable-clocale=gnu --enable-libstdcxx-debug --enable-libstdcxx-time=yes --with-default-libstdcxx-abi=new --enable-gnu-unique-object --disable-vtable-verify --enable-plugin --enable-default-pie --with-system-zlib --enable-libphobos-checking=release --with-target-system-zlib=auto --enable-objc-gc=auto --enable-multiarch --disable-werror --enable-cet --with-arch-32=i686 --with-abi=m64 --with-multilib-list=m32,m64,mx32 --enable-multilib --with-tune=generic --enable-offload-targets=nvptx-none=/build/gcc-12-bTRWOB/gcc-12-12.2.0/debian/tmp-nvptx/usr,amdgcn-amdhsa=/build/gcc-12-bTRWOB/gcc-12-12.2.0/debian/tmp-gcn/usr --enable-offload-defaulted --without-cuda-driver --enable-checking=release --build=x86_64-linux-gnu --host=x86_64-linux-gnu --target=x86_64-linux-gnu
Thread model: posix
Supported LTO compression algorithms: zlib zstd
gcc version 12.2.0 (Debian 12.2.0-14) 
... rest of stderr output deleted ...
configure:3298: $? = 0
configure:3287: gcc -V >&5
gcc: error: unrecognized command-line option '-V'
gcc: fatal error: no input files
compilation terminated.
configure:3298: $? = 1
configure:3287: gcc -qversion >&5
gcc: error: unrecognized command-line option '-qversion'; did you mean '--version'?
gcc: fatal error: no input files
compilation terminated.
configure:3298: $? = 1
configure:3302: checking whether we are using the GNU C compiler
configure:3318: gcc -c   conftest.c >&5
configure:3318: $? = 0
configure:3325: result: yes
configure:3335: checking whether gcc accepts -g
configure:3355: gcc -c -g  conftest.c >&5
configure:3355: $? = 0
configure:3396: result: yes
configure:3413: checking for gcc option to accept ISO C89
configure:3476: gcc  -c -g -O2  conftest.c >&5
configure:3476: $? = 0
configure:3489: result: none needed
configure:3514: checking whether gcc understands -c and -o together
configure:3536: gcc -c conftest.c -o conftest2.
configure:3539: $? = 0
configure:3536: gcc -c conftest.c -o conftest2.
configure:3539: $? = 0
configure:3551: result: yes
configure:3584: checking whether the C compiler works
configure:3606: gcc -g -O2   conftest.c  >&5
configure:3610: $? = 0
configure:3658: result: yes
configure:3661: checking for C compiler default output file name
configure:3663: result: a.out
configure:3669: checking for suffix of executables
configure:3676: gcc -o conftest -g -O2   conftest.c  >&5
configure:3680: $? = 0
configure:3702: result: 
configure:3724: checking whether we are cross compiling
configure:3732: gcc -o conftest -g -O2   conftest.c  >&5
configure:3736: $? = 0
configure:3743: ./conftest
configure:3747: $? = 0
configure:3762: result: no
configure:3768: checking for suffix of object files
configure:3790: gcc -c -g -O2  conftest.c >&5
configure:3794: $? = 0
configure:3815: result: o
configure:3825: checking how to run the C preprocessor
configure:3856: gcc -E  conftest.c
configure:3856: $? = 0
configure:3870: gcc -E  conftest.c
conftest.c:9:10: fatal error: ac_nonexistent.h: No such file or directory
    9 | #include <ac_nonexistent.h>
      |          ^~~~~~~~~~~~~~~~~~
compilation terminated.
configure:3870: $? = 1
configure: failed program was:
| /* confdefs.h */
| #define PACKAGE_NAME "alsa-firmware"
| #define PACKAGE_TARNAME "alsa-firmware"
| #define PACKAGE_VERSION "1.2.4"
| #define PACKAGE_STRING "alsa-firmware 1.2.4"
| #define PACKAGE_BUGREPORT ""
| #define PACKAGE_URL ""
| /* end confdefs.h.  */
| #include <ac_nonexistent.h>
configure:3895: result: gcc -E
configure:3915: gcc -E  conftest.c
configure:3915: $? = 0
configure:3929: gcc -E  conftest.c
conftest.c:9:10: fatal error: ac_nonexistent.h: No such file or directory
    9 | #include <ac_nonexistent.h>
      |          ^~~~~~~~~~~~~~~~~~
compilation terminated.
configure:3929: $? = 1
configure: failed program was:
| /* confdefs.h */
| #define PACKAGE_NAME "alsa-firmware"
| #define PACKAGE_TARNAME "alsa-firmware"
| #define PACKAGE_VERSION "1.2.4"
| #define PACKAGE_STRING "alsa-firmware 1.2.4"
| #define PACKAGE_BUGREPORT ""
| #define PACKAGE_URL ""
| /* end confdefs.h.  */
| #include <ac_nonexistent.h>
configure:3981: checking for a BSD-compatible install
configure:4049: result: /usr/bin/install -c
configure:4060: checking whether ln -s works
configure:4064: result: yes
configure:4073: checking for grep that handles long lines and -e
configure:4131: result: /usr/bin/grep
configure:4136: checking for egrep
configure:4198: result: /usr/bin/grep -E
configure:4203: checking for ANSI C header files
configure:4223: gcc -c -g -O2  conftest.c >&5
configure:4223: $? = 0
configure:4296: gcc -o conftest -g -O2   conftest.c  >&5
configure:4296: $? = 0
configure:4296: ./conftest
configure:4296: $? = 0
configure:4307: result: yes
configure:4317: checking whether build environment is sane
configure:4372: result: yes
configure:4520: checking for a thread-safe mkdir -p
configure:4559: result: /usr/bin/mkdir -p
configure:4566: checking for gawk
configure:4596: result: no
configure:4566: checking for mawk
configure:4582: found /usr/bin/mawk
configure:4593: result: mawk
configure:4604: checking whether make sets $(MAKE)
configure:4626: result: yes
configure:4648: checking whether make supports the include directive
configure:4663: make -f confmf.GNU && cat confinc.out
this is the am__doit target
configure:4666: $? = 0
configure:4685: result: yes (GNU style)
configure:4718: checking whether make supports nested variables
configure:4735: result: yes
configure:4820: checking dependency style of gcc
configure:4931: result: gcc3
configure:5018: checking for as31
configure:5051: result: no
configure:5091: checking firmware installation directory
configure:5115: result: /lib/firmware
configure:5257: checking that generated files are newer than configure
configure:5263: result: done
configure:5298: creating ./config.status

## ---------------------- ##
## Running config.status. ##
## ---------------------- ##

This file was extended by alsa-firmware config.status 1.2.4, which was
generated by GNU Autoconf 2.69.  Invocation command line was

  CONFIG_FILES    = 
  CONFIG_HEADERS  = 
  CONFIG_LINKS    = 
  CONFIG_COMMANDS = 
  $ ./config.status 

on fractal

config.status:814: creating Makefile
config.status:814: creating hdsploader/Makefile
config.status:814: creating mixartloader/Makefile
config.status:814: creating usx2yloader/Makefile
config.status:814: creating vxloader/Makefile
config.status:814: creating pcxhrloader/Makefile
config.status:814: creating echoaudio/Makefile
config.status:814: creating emu/Makefile
config.status:814: creating asihpi/Makefile
config.status:814: creating korg1212/Makefile
config.status:814: creating maestro3/Makefile
config.status:814: creating multisound/Makefile
config.status:814: creating sb16/Makefile
config.status:814: creating wavefront/Makefile
config.status:814: creating ymfpci/Makefile
config.status:814: creating aica/Makefile
config.status:814: creating ca0132/Makefile
config.status:814: creating cs46xx/Makefile
config.status:986: executing depfiles commands
config.status:1063: cd hdsploader       && sed -e '/# am--include-marker/d' Makefile         | make -f - am--depfiles
config.status:1068: $? = 0
config.status:1063: cd vxloader       && sed -e '/# am--include-marker/d' Makefile         | make -f - am--depfiles
/tmp/Gma4LcAT:670: warning: overriding recipe for target 'toxlx'
/tmp/Gma4LcAT:381: warning: ignoring old recipe for target 'toxlx'
config.status:1068: $? = 0
config.status:1063: cd echoaudio       && sed -e '/# am--include-marker/d' Makefile         | make -f - am--depfiles
config.status:1068: $? = 0
config.status:1063: cd emu       && sed -e '/# am--include-marker/d' Makefile         | make -f - am--depfiles
config.status:1068: $? = 0
config.status:1063: cd maestro3       && sed -e '/# am--include-marker/d' Makefile         | make -f - am--depfiles
config.status:1068: $? = 0
config.status:1063: cd sb16       && sed -e '/# am--include-marker/d' Makefile         | make -f - am--depfiles
config.status:1068: $? = 0
config.status:1063: cd wavefront       && sed -e '/# am--include-marker/d' Makefile         | make -f - am--depfiles
config.status:1068: $? = 0
config.status:1063: cd ymfpci       && sed -e '/# am--include-marker/d' Makefile         | make -f - am--depfiles
config.status:1068: $? = 0

## ---------------- ##
## Cache variables. ##
## ---------------- ##

ac_cv_build=x86_64-pc-linux-gnu
ac_cv_build_objext=o
ac_cv_build_prog_CPP='gcc -E'
ac_cv_build_prog_cc_c89=
ac_cv_build_prog_cc_g=yes
ac_cv_c_compiler_gnu=yes
ac_cv_env_CC_set=
ac_cv_env_CC_value=
ac_cv_env_CFLAGS_set=
ac_cv_env_CFLAGS_value=
ac_cv_env_CPPFLAGS_set=
ac_cv_env_CPPFLAGS_value=
ac_cv_env_CPP_set=
ac_cv_env_CPP_value=
ac_cv_env_LDFLAGS_set=
ac_cv_env_LDFLAGS_value=
ac_cv_env_LIBS_set=
ac_cv_env_LIBS_value=
ac_cv_env_build_alias_set=
ac_cv_env_build_alias_value=
ac_cv_env_host_alias_set=
ac_cv_env_host_alias_value=
ac_cv_env_target_alias_set=
ac_cv_env_target_alias_value=
ac_cv_header_stdc=yes
ac_cv_objext=o
ac_cv_path_EGREP='/usr/bin/grep -E'
ac_cv_path_GREP=/usr/bin/grep
ac_cv_path_install='/usr/bin/install -c'
ac_cv_path_mkdir=/usr/bin/mkdir
ac_cv_prog_AWK=mawk
ac_cv_prog_CPP='gcc -E'
ac_cv_prog_ac_ct_CC=gcc
ac_cv_prog_ac_ct_CC_FOR_BUILD=gcc
ac_cv_prog_cc_c89=
ac_cv_prog_cc_g=yes
ac_cv_prog_make_make_set=yes
am_cv_CC_dependencies_compiler_type=gcc3
am_cv_build_prog_cc_c_o=yes
am_cv_make_support_nested_variables=yes
am_cv_prog_cc_c_o=yes

## ----------------- ##
## Output variables. ##
## ----------------- ##

ACLOCAL='${SHELL} /home/nomad/Setupbox/alsa-firmware-1.2.4/missing aclocal-1.16'
AMDEPBACKSLASH='\'
AMDEP_FALSE='#'
AMDEP_TRUE=''
AMTAR='$${TAR-tar}'
AM_BACKSLASH='\'
AM_DEFAULT_V='$(AM_DEFAULT_VERBOSITY)'
AM_DEFAULT_VERBOSITY='1'
AM_V='$(V)'
AS31=''
AS31_FLAGS='-Fhex'
AUTOCONF='${SHELL} /home/nomad/Setupbox/alsa-firmware-1.2.4/missing autoconf'
AUTOHEADER='${SHELL} /home/nomad/Setupbox/alsa-firmware-1.2.4/missing autoheader'
AUTOMAKE='${SHELL} /home/nomad/Setupbox/alsa-firmware-1.2.4/missing automake-1.16'
AWK='mawk'
BUILD_EXEEXT=''
BUILD_FW_FALSE=''
BUILD_FW_TRUE='#'
BUILD_OBJEXT='o'
CC='gcc'
CCDEPMODE='depmode=gcc3'
CC_FOR_BUILD='gcc'
CFLAGS='-g -O2'
CFLAGS_FOR_BUILD='-g -O2'
CPP='gcc -E'
CPPFLAGS=''
CPPFLAGS_FOR_BUILD=''
CPP_FOR_BUILD='gcc -E'
CYGPATH_W='echo'
DEFS='-DPACKAGE_NAME=\"alsa-firmware\" -DPACKAGE_TARNAME=\"alsa-firmware\" -DPACKAGE_VERSION=\"1.2.4\" -DPACKAGE_STRING=\"alsa-firmware\ 1.2.4\" -DPACKAGE_BUGREPORT=\"\" -DPACKAGE_URL=\"\" -DSTDC_HEADERS=1 -DPACKAGE=\"alsa-firmware\" -DVERSION=\"1.2.4\"'
DEPDIR='.deps'
ECHO_C=''
ECHO_N='-n'
ECHO_T=''
EGREP='/usr/bin/grep -E'
EXEEXT=''
GREP='/usr/bin/grep'
HOTPLUGFWDIR='/lib/firmware'
INSTALL_DATA='${INSTALL} -m 644'
INSTALL_PROGRAM='${INSTALL}'
INSTALL_SCRIPT='${INSTALL}'
INSTALL_STRIP_PROGRAM='$(install_sh) -c -s'
LDFLAGS=''
LDFLAGS_FOR_BUILD=''
LIBOBJS=''
LIBS=''
LN_S='ln -s'
LTLIBOBJS=''
MAKEINFO='${SHELL} /home/nomad/Setupbox/alsa-firmware-1.2.4/missing makeinfo'
MKDIR_P='/usr/bin/mkdir -p'
OBJEXT='o'
PACKAGE='alsa-firmware'
PACKAGE_BUGREPORT=''
PACKAGE_NAME='alsa-firmware'
PACKAGE_STRING='alsa-firmware 1.2.4'
PACKAGE_TARNAME='alsa-firmware'
PACKAGE_URL=''
PACKAGE_VERSION='1.2.4'
PATH_SEPARATOR=':'
SET_MAKE=''
SHELL='/bin/bash'
STRIP=''
USE_HOTPLUG_FALSE='#'
USE_HOTPLUG_TRUE=''
USE_LOADER_FALSE='#'
USE_LOADER_TRUE=''
VERSION='1.2.4'
ac_ct_CC='gcc'
ac_ct_CC_FOR_BUILD='gcc'
am__EXEEXT_FALSE=''
am__EXEEXT_TRUE='#'
am__fastdepCC_FALSE='#'
am__fastdepCC_TRUE=''
am__include='include'
am__isrc=''
am__leading_dot='.'
am__nodep='_no'
am__quote=''
am__tar='$${TAR-tar} chof - "$$tardir"'
am__untar='$${TAR-tar} xf -'
bindir='${exec_prefix}/bin'
build='x86_64-pc-linux-gnu'
build_alias=''
build_cpu='x86_64'
build_os='linux-gnu'
build_vendor='pc'
datadir='${datarootdir}'
datarootdir='${prefix}/share'
docdir='${datarootdir}/doc/${PACKAGE_TARNAME}'
dvidir='${docdir}'
exec_prefix='${prefix}'
host_alias=''
htmldir='${docdir}'
includedir='${prefix}/include'
infodir='${datarootdir}/info'
install_sh='${SHELL} /home/nomad/Setupbox/alsa-firmware-1.2.4/install-sh'
libdir='${exec_prefix}/lib'
libexecdir='${exec_prefix}/libexec'
localedir='${datarootdir}/locale'
localstatedir='${prefix}/var'
mandir='${datarootdir}/man'
mkdir_p='$(MKDIR_P)'
oldincludedir='/usr/include'
pdfdir='${docdir}'
prefix='/usr/local'
program_transform_name='s,x,x,'
psdir='${docdir}'
sbindir='${exec_prefix}/sbin'
sharedstatedir='${prefix}/com'
sysconfdir='${prefix}/etc'
target_alias=''

## ----------- ##
## confdefs.h. ##
## ----------- ##

/* confdefs.h */
#define PACKAGE_NAME "alsa-firmware"
#define PACKAGE_TARNAME "alsa-firmware"
#define PACKAGE_VERSION "1.2.4"
#define PACKAGE_STRING "alsa-firmware 1.2.4"
#define PACKAGE_BUGREPORT ""
#define PACKAGE_URL ""
#define STDC_HEADERS 1
#define PACKAGE "alsa-firmware"
#define VERSION "1.2.4"

configure: exit 0
